{"/Users/diptesh/Desktop/schemaproject/server/server.js": {"path":"/Users/diptesh/Desktop/schemaproject/server/server.js","statementMap":{"0":{"start":{"line":1,"column":16},"end":{"line":1,"column":35}},"1":{"start":{"line":2,"column":11},"end":{"line":2,"column":26}},"2":{"start":{"line":3,"column":25},"end":{"line":3,"column":48}},"3":{"start":{"line":5,"column":12},"end":{"line":5,"column":21}},"4":{"start":{"line":7,"column":0},"end":{"line":7,"column":24}},"5":{"start":{"line":9,"column":0},"end":{"line":25,"column":3}},"6":{"start":{"line":10,"column":19},"end":{"line":10,"column":43}},"7":{"start":{"line":11,"column":19},"end":{"line":11,"column":43}},"8":{"start":{"line":13,"column":4},"end":{"line":21,"column":5}},"9":{"start":{"line":16,"column":21},"end":{"line":19,"column":12}},"10":{"start":{"line":17,"column":20},"end":{"line":17,"column":29}},"11":{"start":{"line":18,"column":12},"end":{"line":18,"column":21}},"12":{"start":{"line":20,"column":10},"end":{"line":20,"column":33}},"13":{"start":{"line":23,"column":4},"end":{"line":23,"column":38}},"14":{"start":{"line":24,"column":4},"end":{"line":24,"column":23}},"15":{"start":{"line":26,"column":0},"end":{"line":26,"column":20}},"16":{"start":{"line":42,"column":0},"end":{"line":44,"column":2}},"17":{"start":{"line":43,"column":4},"end":{"line":43,"column":47}}},"fnMap":{"0":{"name":"(anonymous_0)","decl":{"start":{"line":9,"column":19},"end":{"line":9,"column":20}},"loc":{"start":{"line":9,"column":32},"end":{"line":25,"column":1}},"line":9},"1":{"name":"(anonymous_1)","decl":{"start":{"line":16,"column":39},"end":{"line":16,"column":40}},"loc":{"start":{"line":16,"column":46},"end":{"line":19,"column":11}},"line":16},"2":{"name":"(anonymous_2)","decl":{"start":{"line":42,"column":16},"end":{"line":42,"column":17}},"loc":{"start":{"line":42,"column":20},"end":{"line":44,"column":1}},"line":42}},"branchMap":{"0":{"loc":{"start":{"line":13,"column":4},"end":{"line":21,"column":5}},"type":"if","locations":[{"start":{"line":13,"column":4},"end":{"line":21,"column":5}},{"start":{},"end":{}}],"line":13}},"s":{"0":1,"1":1,"2":1,"3":1,"4":1,"5":1,"6":17,"7":17,"8":17,"9":15,"10":37,"11":37,"12":15,"13":2,"14":2,"15":1,"16":1,"17":1},"f":{"0":17,"1":37,"2":1},"b":{"0":[15,2]},"_coverageSchema":"1a1c01bbd47fc00a2c39e90264f33305004495a9","hash":"8793281c443f17be2003a48e08d5f57c60f8d079"}
,"/Users/diptesh/Desktop/schemaproject/server/validator.js": {"path":"/Users/diptesh/Desktop/schemaproject/server/validator.js","statementMap":{"0":{"start":{"line":2,"column":12},"end":{"line":2,"column":26}},"1":{"start":{"line":4,"column":18},"end":{"line":5,"column":49}},"2":{"start":{"line":4,"column":30},"end":{"line":5,"column":49}},"3":{"start":{"line":5,"column":2},"end":{"line":5,"column":49}},"4":{"start":{"line":8,"column":21},"end":{"line":137,"column":4}},"5":{"start":{"line":15,"column":10},"end":{"line":29,"column":13}},"6":{"start":{"line":16,"column":12},"end":{"line":28,"column":13}},"7":{"start":{"line":18,"column":16},"end":{"line":18,"column":48}},"8":{"start":{"line":19,"column":16},"end":{"line":19,"column":22}},"9":{"start":{"line":21,"column":16},"end":{"line":21,"column":74}},"10":{"start":{"line":22,"column":16},"end":{"line":22,"column":22}},"11":{"start":{"line":24,"column":16},"end":{"line":24,"column":74}},"12":{"start":{"line":25,"column":16},"end":{"line":25,"column":22}},"13":{"start":{"line":27,"column":16},"end":{"line":27,"column":22}},"14":{"start":{"line":30,"column":10},"end":{"line":30,"column":24}},"15":{"start":{"line":37,"column":8},"end":{"line":54,"column":11}},"16":{"start":{"line":38,"column":10},"end":{"line":53,"column":11}},"17":{"start":{"line":40,"column":14},"end":{"line":40,"column":53}},"18":{"start":{"line":41,"column":14},"end":{"line":41,"column":20}},"19":{"start":{"line":43,"column":14},"end":{"line":43,"column":71}},"20":{"start":{"line":44,"column":14},"end":{"line":44,"column":20}},"21":{"start":{"line":46,"column":14},"end":{"line":46,"column":39}},"22":{"start":{"line":47,"column":14},"end":{"line":47,"column":20}},"23":{"start":{"line":49,"column":14},"end":{"line":49,"column":46}},"24":{"start":{"line":50,"column":14},"end":{"line":50,"column":20}},"25":{"start":{"line":55,"column":8},"end":{"line":55,"column":22}},"26":{"start":{"line":61,"column":8},"end":{"line":75,"column":11}},"27":{"start":{"line":62,"column":10},"end":{"line":74,"column":11}},"28":{"start":{"line":64,"column":14},"end":{"line":64,"column":62}},"29":{"start":{"line":65,"column":14},"end":{"line":65,"column":20}},"30":{"start":{"line":67,"column":14},"end":{"line":67,"column":72}},"31":{"start":{"line":68,"column":14},"end":{"line":68,"column":20}},"32":{"start":{"line":70,"column":14},"end":{"line":70,"column":72}},"33":{"start":{"line":71,"column":14},"end":{"line":71,"column":20}},"34":{"start":{"line":73,"column":14},"end":{"line":73,"column":20}},"35":{"start":{"line":76,"column":8},"end":{"line":76,"column":22}},"36":{"start":{"line":83,"column":8},"end":{"line":103,"column":11}},"37":{"start":{"line":84,"column":10},"end":{"line":102,"column":11}},"38":{"start":{"line":86,"column":14},"end":{"line":86,"column":53}},"39":{"start":{"line":87,"column":14},"end":{"line":87,"column":20}},"40":{"start":{"line":89,"column":14},"end":{"line":89,"column":71}},"41":{"start":{"line":90,"column":14},"end":{"line":90,"column":20}},"42":{"start":{"line":92,"column":14},"end":{"line":92,"column":39}},"43":{"start":{"line":93,"column":14},"end":{"line":93,"column":20}},"44":{"start":{"line":95,"column":14},"end":{"line":95,"column":56}},"45":{"start":{"line":96,"column":14},"end":{"line":96,"column":20}},"46":{"start":{"line":98,"column":14},"end":{"line":98,"column":60}},"47":{"start":{"line":99,"column":14},"end":{"line":99,"column":20}},"48":{"start":{"line":104,"column":8},"end":{"line":104,"column":22}},"49":{"start":{"line":108,"column":8},"end":{"line":125,"column":11}},"50":{"start":{"line":109,"column":10},"end":{"line":124,"column":11}},"51":{"start":{"line":111,"column":14},"end":{"line":111,"column":53}},"52":{"start":{"line":112,"column":14},"end":{"line":112,"column":20}},"53":{"start":{"line":117,"column":14},"end":{"line":117,"column":58}},"54":{"start":{"line":118,"column":14},"end":{"line":118,"column":20}},"55":{"start":{"line":120,"column":14},"end":{"line":120,"column":64}},"56":{"start":{"line":121,"column":14},"end":{"line":121,"column":20}},"57":{"start":{"line":126,"column":8},"end":{"line":126,"column":22}},"58":{"start":{"line":139,"column":0},"end":{"line":139,"column":49}}},"fnMap":{"0":{"name":"(anonymous_0)","decl":{"start":{"line":4,"column":18},"end":{"line":4,"column":19}},"loc":{"start":{"line":4,"column":30},"end":{"line":5,"column":49}},"line":4},"1":{"name":"(anonymous_1)","decl":{"start":{"line":4,"column":30},"end":{"line":4,"column":31}},"loc":{"start":{"line":5,"column":2},"end":{"line":5,"column":49}},"line":5},"2":{"name":"(anonymous_2)","decl":{"start":{"line":14,"column":15},"end":{"line":14,"column":16}},"loc":{"start":{"line":14,"column":27},"end":{"line":31,"column":9}},"line":14},"3":{"name":"(anonymous_3)","decl":{"start":{"line":15,"column":25},"end":{"line":15,"column":26}},"loc":{"start":{"line":15,"column":34},"end":{"line":29,"column":11}},"line":15},"4":{"name":"(anonymous_4)","decl":{"start":{"line":36,"column":13},"end":{"line":36,"column":14}},"loc":{"start":{"line":36,"column":25},"end":{"line":56,"column":7}},"line":36},"5":{"name":"(anonymous_5)","decl":{"start":{"line":37,"column":23},"end":{"line":37,"column":24}},"loc":{"start":{"line":37,"column":32},"end":{"line":54,"column":9}},"line":37},"6":{"name":"(anonymous_6)","decl":{"start":{"line":60,"column":58},"end":{"line":60,"column":59}},"loc":{"start":{"line":60,"column":70},"end":{"line":77,"column":7}},"line":60},"7":{"name":"(anonymous_7)","decl":{"start":{"line":61,"column":23},"end":{"line":61,"column":24}},"loc":{"start":{"line":61,"column":32},"end":{"line":75,"column":9}},"line":61},"8":{"name":"(anonymous_8)","decl":{"start":{"line":82,"column":133},"end":{"line":82,"column":134}},"loc":{"start":{"line":82,"column":145},"end":{"line":105,"column":7}},"line":82},"9":{"name":"(anonymous_9)","decl":{"start":{"line":83,"column":23},"end":{"line":83,"column":24}},"loc":{"start":{"line":83,"column":32},"end":{"line":103,"column":9}},"line":83},"10":{"name":"(anonymous_10)","decl":{"start":{"line":107,"column":77},"end":{"line":107,"column":78}},"loc":{"start":{"line":107,"column":89},"end":{"line":127,"column":7}},"line":107},"11":{"name":"(anonymous_11)","decl":{"start":{"line":108,"column":23},"end":{"line":108,"column":24}},"loc":{"start":{"line":108,"column":32},"end":{"line":125,"column":9}},"line":108}},"branchMap":{"0":{"loc":{"start":{"line":16,"column":12},"end":{"line":28,"column":13}},"type":"switch","locations":[{"start":{"line":17,"column":14},"end":{"line":19,"column":22}},{"start":{"line":20,"column":14},"end":{"line":22,"column":22}},{"start":{"line":23,"column":14},"end":{"line":25,"column":22}},{"start":{"line":26,"column":14},"end":{"line":27,"column":22}}],"line":16},"1":{"loc":{"start":{"line":38,"column":10},"end":{"line":53,"column":11}},"type":"switch","locations":[{"start":{"line":39,"column":12},"end":{"line":41,"column":20}},{"start":{"line":42,"column":12},"end":{"line":44,"column":20}},{"start":{"line":45,"column":12},"end":{"line":47,"column":20}},{"start":{"line":48,"column":12},"end":{"line":50,"column":20}}],"line":38},"2":{"loc":{"start":{"line":62,"column":10},"end":{"line":74,"column":11}},"type":"switch","locations":[{"start":{"line":63,"column":12},"end":{"line":65,"column":20}},{"start":{"line":66,"column":12},"end":{"line":68,"column":20}},{"start":{"line":69,"column":12},"end":{"line":71,"column":20}},{"start":{"line":72,"column":12},"end":{"line":73,"column":20}}],"line":62},"3":{"loc":{"start":{"line":84,"column":10},"end":{"line":102,"column":11}},"type":"switch","locations":[{"start":{"line":85,"column":12},"end":{"line":87,"column":20}},{"start":{"line":88,"column":12},"end":{"line":90,"column":20}},{"start":{"line":91,"column":12},"end":{"line":93,"column":20}},{"start":{"line":94,"column":12},"end":{"line":96,"column":20}},{"start":{"line":97,"column":14},"end":{"line":99,"column":20}}],"line":84},"4":{"loc":{"start":{"line":109,"column":10},"end":{"line":124,"column":11}},"type":"switch","locations":[{"start":{"line":110,"column":12},"end":{"line":112,"column":20}},{"start":{"line":116,"column":12},"end":{"line":118,"column":20}},{"start":{"line":119,"column":12},"end":{"line":121,"column":20}}],"line":109}},"s":{"0":1,"1":1,"2":1,"3":34,"4":1,"5":10,"6":10,"7":2,"8":2,"9":2,"10":2,"11":2,"12":2,"13":4,"14":10,"15":18,"16":20,"17":4,"18":4,"19":12,"20":12,"21":2,"22":2,"23":2,"24":2,"25":18,"26":14,"27":14,"28":2,"29":2,"30":4,"31":4,"32":4,"33":4,"34":4,"35":14,"36":16,"37":20,"38":4,"39":4,"40":10,"41":10,"42":2,"43":2,"44":2,"45":2,"46":2,"47":2,"48":16,"49":6,"50":10,"51":2,"52":2,"53":4,"54":4,"55":4,"56":4,"57":6,"58":1},"f":{"0":1,"1":34,"2":10,"3":10,"4":18,"5":20,"6":14,"7":14,"8":16,"9":20,"10":6,"11":10},"b":{"0":[2,2,2,4],"1":[4,12,2,2],"2":[2,4,4,4],"3":[4,10,2,2,2],"4":[2,4,4]},"_coverageSchema":"1a1c01bbd47fc00a2c39e90264f33305004495a9","hash":"afbf3dad9f0236ff3dda614dccc7ec1ef2f4e86c"}
}
