TN:
SF:server.js
FN:9,(anonymous_0)
FN:16,(anonymous_1)
FN:42,(anonymous_2)
FNF:3
FNH:3
FNDA:17,(anonymous_0)
FNDA:37,(anonymous_1)
FNDA:1,(anonymous_2)
DA:1,1
DA:2,1
DA:3,1
DA:5,1
DA:7,1
DA:9,1
DA:10,17
DA:11,17
DA:13,17
DA:16,15
DA:17,37
DA:18,37
DA:20,15
DA:23,2
DA:24,2
DA:26,1
DA:42,1
DA:43,1
LF:18
LH:18
BRDA:13,0,0,15
BRDA:13,0,1,2
BRF:2
BRH:2
end_of_record
TN:
SF:validator.js
FN:4,(anonymous_0)
FN:4,(anonymous_1)
FN:14,(anonymous_2)
FN:15,(anonymous_3)
FN:36,(anonymous_4)
FN:37,(anonymous_5)
FN:60,(anonymous_6)
FN:61,(anonymous_7)
FN:82,(anonymous_8)
FN:83,(anonymous_9)
FN:107,(anonymous_10)
FN:108,(anonymous_11)
FNF:12
FNH:12
FNDA:1,(anonymous_0)
FNDA:34,(anonymous_1)
FNDA:10,(anonymous_2)
FNDA:10,(anonymous_3)
FNDA:18,(anonymous_4)
FNDA:20,(anonymous_5)
FNDA:14,(anonymous_6)
FNDA:14,(anonymous_7)
FNDA:16,(anonymous_8)
FNDA:20,(anonymous_9)
FNDA:6,(anonymous_10)
FNDA:10,(anonymous_11)
DA:2,1
DA:4,1
DA:5,34
DA:8,1
DA:15,10
DA:16,10
DA:18,2
DA:19,2
DA:21,2
DA:22,2
DA:24,2
DA:25,2
DA:27,4
DA:30,10
DA:37,18
DA:38,20
DA:40,4
DA:41,4
DA:43,12
DA:44,12
DA:46,2
DA:47,2
DA:49,2
DA:50,2
DA:55,18
DA:61,14
DA:62,14
DA:64,2
DA:65,2
DA:67,4
DA:68,4
DA:70,4
DA:71,4
DA:73,4
DA:76,14
DA:83,16
DA:84,20
DA:86,4
DA:87,4
DA:89,10
DA:90,10
DA:92,2
DA:93,2
DA:95,2
DA:96,2
DA:98,2
DA:99,2
DA:104,16
DA:108,6
DA:109,10
DA:111,2
DA:112,2
DA:117,4
DA:118,4
DA:120,4
DA:121,4
DA:126,6
DA:139,1
LF:58
LH:58
BRDA:16,0,0,2
BRDA:16,0,1,2
BRDA:16,0,2,2
BRDA:16,0,3,4
BRDA:38,1,0,4
BRDA:38,1,1,12
BRDA:38,1,2,2
BRDA:38,1,3,2
BRDA:62,2,0,2
BRDA:62,2,1,4
BRDA:62,2,2,4
BRDA:62,2,3,4
BRDA:84,3,0,4
BRDA:84,3,1,10
BRDA:84,3,2,2
BRDA:84,3,3,2
BRDA:84,3,4,2
BRDA:109,4,0,2
BRDA:109,4,1,4
BRDA:109,4,2,4
BRF:20
BRH:20
end_of_record
